<?xml version="1.0" encoding="UTF-8"?>
<testsuite name="com.lumera.wordsearch.SomethingTest" tests="1" skipped="0" failures="0" errors="0" timestamp="2023-05-24T04:36:32" hostname="VN-LV00249-M.local" time="0.0">
  <properties/>
  <testcase name="testThis" classname="com.lumera.wordsearch.SomethingTest" time="0.0"/>
  <system-out><![CDATA[]]></system-out>
  <system-err><![CDATA[]]></system-err>
</testsuite>
