<?xml version="1.0" encoding="UTF-8"?>
<testsuite name="com.lumera.wordsearch.SomethingTest" tests="1" skipped="0" failures="0" errors="0" timestamp="2022-02-10T12:24:10" hostname="lindesk001" time="0.001">
  <properties/>
  <testcase name="testThis" classname="com.lumera.wordsearch.SomethingTest" time="0.001"/>
  <system-out><![CDATA[]]></system-out>
  <system-err><![CDATA[]]></system-err>
</testsuite>
