<?xml version="1.0" encoding="UTF-8"?>
<testsuite name="com.lumera.wordsearch.SomethingTest" tests="1" skipped="0" failures="0" errors="0" timestamp="2023-05-23T09:30:34" hostname="DESKTOP-EL2767F" time="0.0">
  <properties/>
  <testcase name="testThis" classname="com.lumera.wordsearch.SomethingTest" time="0.0"/>
  <system-out><![CDATA[]]></system-out>
  <system-err><![CDATA[]]></system-err>
</testsuite>
